21:36:33  [main] 	Initializing Control Panel
21:36:33  [main] 	Windows Version: Windows 7 Professional SP1 32-bit
21:36:33  [main] 	XAMPP Version: 7.0.32
21:36:33  [main] 	Control Panel Version: 3.2.2  [ Compiled: Nov 12th 2015 ]
21:36:33  [main] 	You are not running with administrator rights! This will work for
21:36:33  [main] 	most application stuff but whenever you do something with services
21:36:33  [main] 	there will be a security dialogue or things will break! So think 
21:36:33  [main] 	about running this application with administrator rights!
21:36:33  [main] 	XAMPP Installation Directory: "c:\xampp1\"
21:36:33  [main] 	Checking for prerequisites
21:37:04  [main] 	All prerequisites found
21:37:04  [main] 	Initializing Modules
21:37:04  [mysql] 	Problem detected!
21:37:04  [mysql] 	Port 3306 in use by "c:\xampp\mysql\bin\mysqld.exe"!
21:37:04  [mysql] 	MySQL WILL NOT start without the configured ports free!
21:37:04  [mysql] 	You need to uninstall/disable/reconfigure the blocking application
21:37:04  [mysql] 	or reconfigure MySQL and the Control Panel to listen on a different port
21:37:04  [main] 	Starting Check-Timer
21:37:04  [main] 	Control Panel Ready
21:37:21  [mysql] 	Problem detected!
21:37:21  [mysql] 	Port 3306 in use by "c:\xampp\mysql\bin\mysqld.exe"!
21:37:21  [mysql] 	MySQL WILL NOT start without the configured ports free!
21:37:21  [mysql] 	You need to uninstall/disable/reconfigure the blocking application
21:37:21  [mysql] 	or reconfigure MySQL and the Control Panel to listen on a different port
21:37:21  [mysql] 	Attempting to start MySQL app...
21:37:22  [Apache] 	Attempting to start Apache app...
21:37:22  [mysql] 	Status change detected: running
21:37:23  [Apache] 	Status change detected: running
21:37:29  [mysql] 	Status change detected: stopped
21:37:29  [mysql] 	Error: MySQL shutdown unexpectedly.
21:37:29  [mysql] 	This may be due to a blocked port, missing dependencies, 
21:37:29  [mysql] 	improper privileges, a crash, or a shutdown by another method.
21:37:29  [mysql] 	Press the Logs button to view error logs and check
21:37:29  [mysql] 	the Windows Event Viewer for more clues
21:37:29  [mysql] 	If you need more help, copy and post this
21:37:29  [mysql] 	entire log window on the forums
21:41:14  [Apache] 	Status change detected: stopped
21:41:14  [Apache] 	Error: Apache shutdown unexpectedly.
21:41:14  [Apache] 	This may be due to a blocked port, missing dependencies, 
21:41:14  [Apache] 	improper privileges, a crash, or a shutdown by another method.
21:41:14  [Apache] 	Press the Logs button to view error logs and check
21:41:14  [Apache] 	the Windows Event Viewer for more clues
21:41:14  [Apache] 	If you need more help, copy and post this
21:41:14  [Apache] 	entire log window on the forums
21:44:29  [main] 	Deinitializing Modules
21:44:29  [main] 	Deinitializing Control Panel

20:49:24  [main] 	Initializing Control Panel
20:49:24  [main] 	Windows Version: Windows 7 Professional SP1 32-bit
20:49:24  [main] 	XAMPP Version: 7.0.32
20:49:24  [main] 	Control Panel Version: 3.2.2  [ Compiled: Nov 12th 2015 ]
20:49:24  [main] 	You are not running with administrator rights! This will work for
20:49:24  [main] 	most application stuff but whenever you do something with services
20:49:24  [main] 	there will be a security dialogue or things will break! So think 
20:49:24  [main] 	about running this application with administrator rights!
20:49:24  [main] 	XAMPP Installation Directory: "c:\xampp1\"
20:49:24  [main] 	Checking for prerequisites
20:49:29  [main] 	All prerequisites found
20:49:29  [main] 	Initializing Modules
20:49:29  [main] 	Starting Check-Timer
20:49:29  [main] 	Control Panel Ready
20:49:32  [Apache] 	Attempting to start Apache app...
20:49:32  [mysql] 	Attempting to start MySQL app...
20:49:35  [mysql] 	Status change detected: running
20:49:36  [Apache] 	Status change detected: running
21:09:41  [mysql] 	Attempting to stop MySQL app...
21:09:42  [mysql] 	Status change detected: stopped
21:09:50  [mysql] 	Attempting to start MySQL app...
21:09:50  [mysql] 	Status change detected: running
21:49:34  [Apache] 	Status change detected: stopped
21:49:34  [Apache] 	Error: Apache shutdown unexpectedly.
21:49:34  [Apache] 	This may be due to a blocked port, missing dependencies, 
21:49:34  [Apache] 	improper privileges, a crash, or a shutdown by another method.
21:49:34  [Apache] 	Press the Logs button to view error logs and check
21:49:34  [Apache] 	the Windows Event Viewer for more clues
21:49:34  [Apache] 	If you need more help, copy and post this
21:49:34  [Apache] 	entire log window on the forums
22:22:34  [Apache] 	Problem detected!
22:22:34  [Apache] 	Port 80 in use by "Unable to open process" with PID 7496!
22:22:34  [Apache] 	Apache WILL NOT start without the configured ports free!
22:22:34  [Apache] 	You need to uninstall/disable/reconfigure the blocking application
22:22:34  [Apache] 	or reconfigure Apache and the Control Panel to listen on a different port
22:22:34  [Apache] 	Problem detected!
22:22:34  [Apache] 	Port 443 in use by "Unable to open process" with PID 7496!
22:22:34  [Apache] 	Apache WILL NOT start without the configured ports free!
22:22:34  [Apache] 	You need to uninstall/disable/reconfigure the blocking application
22:22:34  [Apache] 	or reconfigure Apache and the Control Panel to listen on a different port
22:22:34  [Apache] 	Attempting to start Apache app...
22:22:37  [Apache] 	Status change detected: running
22:22:38  [Apache] 	Status change detected: stopped
22:22:38  [Apache] 	Error: Apache shutdown unexpectedly.
22:22:38  [Apache] 	This may be due to a blocked port, missing dependencies, 
22:22:38  [Apache] 	improper privileges, a crash, or a shutdown by another method.
22:22:38  [Apache] 	Press the Logs button to view error logs and check
22:22:38  [Apache] 	the Windows Event Viewer for more clues
22:22:38  [Apache] 	If you need more help, copy and post this
22:22:38  [Apache] 	entire log window on the forums
22:25:11  [Apache] 	Problem detected!
22:25:11  [Apache] 	Port 80 in use by "Unable to open process" with PID 7496!
22:25:11  [Apache] 	Apache WILL NOT start without the configured ports free!
22:25:11  [Apache] 	You need to uninstall/disable/reconfigure the blocking application
22:25:11  [Apache] 	or reconfigure Apache and the Control Panel to listen on a different port
22:25:11  [Apache] 	Problem detected!
22:25:11  [Apache] 	Port 443 in use by "Unable to open process" with PID 7496!
22:25:11  [Apache] 	Apache WILL NOT start without the configured ports free!
22:25:11  [Apache] 	You need to uninstall/disable/reconfigure the blocking application
22:25:11  [Apache] 	or reconfigure Apache and the Control Panel to listen on a different port
22:25:11  [Apache] 	Attempting to start Apache app...
22:25:11  [Apache] 	Status change detected: running
22:25:12  [Apache] 	Status change detected: stopped
22:25:12  [Apache] 	Error: Apache shutdown unexpectedly.
22:25:12  [Apache] 	This may be due to a blocked port, missing dependencies, 
22:25:12  [Apache] 	improper privileges, a crash, or a shutdown by another method.
22:25:12  [Apache] 	Press the Logs button to view error logs and check
22:25:12  [Apache] 	the Windows Event Viewer for more clues
22:25:12  [Apache] 	If you need more help, copy and post this
22:25:12  [Apache] 	entire log window on the forums
22:25:14  [Apache] 	Problem detected!
22:25:14  [Apache] 	Port 80 in use by "Unable to open process" with PID 7496!
22:25:14  [Apache] 	Apache WILL NOT start without the configured ports free!
22:25:14  [Apache] 	You need to uninstall/disable/reconfigure the blocking application
22:25:14  [Apache] 	or reconfigure Apache and the Control Panel to listen on a different port
22:25:14  [Apache] 	Problem detected!
22:25:14  [Apache] 	Port 443 in use by "Unable to open process" with PID 7496!
22:25:14  [Apache] 	Apache WILL NOT start without the configured ports free!
22:25:14  [Apache] 	You need to uninstall/disable/reconfigure the blocking application
22:25:14  [Apache] 	or reconfigure Apache and the Control Panel to listen on a different port
22:25:14  [Apache] 	Attempting to start Apache app...
22:25:14  [Apache] 	Status change detected: running
22:25:15  [Apache] 	Status change detected: stopped
22:25:15  [Apache] 	Error: Apache shutdown unexpectedly.
22:25:15  [Apache] 	This may be due to a blocked port, missing dependencies, 
22:25:15  [Apache] 	improper privileges, a crash, or a shutdown by another method.
22:25:15  [Apache] 	Press the Logs button to view error logs and check
22:25:15  [Apache] 	the Windows Event Viewer for more clues
22:25:15  [Apache] 	If you need more help, copy and post this
22:25:15  [Apache] 	entire log window on the forums
22:26:16  [Apache] 	Problem detected!
22:26:16  [Apache] 	Port 80 in use by "Unable to open process" with PID 7496!
22:26:16  [Apache] 	Apache WILL NOT start without the configured ports free!
22:26:16  [Apache] 	You need to uninstall/disable/reconfigure the blocking application
22:26:16  [Apache] 	or reconfigure Apache and the Control Panel to listen on a different port
22:26:16  [Apache] 	Problem detected!
22:26:16  [Apache] 	Port 443 in use by "Unable to open process" with PID 7496!
22:26:16  [Apache] 	Apache WILL NOT start without the configured ports free!
22:26:16  [Apache] 	You need to uninstall/disable/reconfigure the blocking application
22:26:16  [Apache] 	or reconfigure Apache and the Control Panel to listen on a different port
22:26:16  [Apache] 	Attempting to start Apache app...
22:26:16  [Apache] 	Status change detected: running
22:26:17  [Apache] 	Status change detected: stopped
22:26:17  [Apache] 	Error: Apache shutdown unexpectedly.
22:26:17  [Apache] 	This may be due to a blocked port, missing dependencies, 
22:26:17  [Apache] 	improper privileges, a crash, or a shutdown by another method.
22:26:17  [Apache] 	Press the Logs button to view error logs and check
22:26:17  [Apache] 	the Windows Event Viewer for more clues
22:26:17  [Apache] 	If you need more help, copy and post this
22:26:17  [Apache] 	entire log window on the forums
22:27:03  [mysql] 	Attempting to stop MySQL app...
22:27:04  [mysql] 	Status change detected: stopped
22:27:05  [Apache] 	Problem detected!
22:27:05  [Apache] 	Port 80 in use by "Unable to open process" with PID 7496!
22:27:05  [Apache] 	Apache WILL NOT start without the configured ports free!
22:27:05  [Apache] 	You need to uninstall/disable/reconfigure the blocking application
22:27:05  [Apache] 	or reconfigure Apache and the Control Panel to listen on a different port
22:27:05  [Apache] 	Problem detected!
22:27:05  [Apache] 	Port 443 in use by "Unable to open process" with PID 7496!
22:27:05  [Apache] 	Apache WILL NOT start without the configured ports free!
22:27:05  [Apache] 	You need to uninstall/disable/reconfigure the blocking application
22:27:05  [Apache] 	or reconfigure Apache and the Control Panel to listen on a different port
22:27:05  [Apache] 	Attempting to start Apache app...
22:27:06  [Apache] 	Status change detected: running
22:27:07  [Apache] 	Status change detected: stopped
22:27:07  [Apache] 	Error: Apache shutdown unexpectedly.
22:27:07  [Apache] 	This may be due to a blocked port, missing dependencies, 
22:27:07  [Apache] 	improper privileges, a crash, or a shutdown by another method.
22:27:07  [Apache] 	Press the Logs button to view error logs and check
22:27:07  [Apache] 	the Windows Event Viewer for more clues
22:27:07  [Apache] 	If you need more help, copy and post this
22:27:07  [Apache] 	entire log window on the forums
22:27:20  [mysql] 	Attempting to start MySQL app...
22:27:22  [Apache] 	Problem detected!
22:27:22  [Apache] 	Port 80 in use by "Unable to open process" with PID 7496!
22:27:22  [Apache] 	Apache WILL NOT start without the configured ports free!
22:27:22  [Apache] 	You need to uninstall/disable/reconfigure the blocking application
22:27:22  [Apache] 	or reconfigure Apache and the Control Panel to listen on a different port
22:27:22  [Apache] 	Problem detected!
22:27:22  [Apache] 	Port 443 in use by "Unable to open process" with PID 7496!
22:27:22  [Apache] 	Apache WILL NOT start without the configured ports free!
22:27:22  [Apache] 	You need to uninstall/disable/reconfigure the blocking application
22:27:22  [Apache] 	or reconfigure Apache and the Control Panel to listen on a different port
22:27:22  [Apache] 	Attempting to start Apache app...
22:27:22  [Apache] 	Status change detected: running
22:27:22  [mysql] 	Status change detected: running
22:27:23  [Apache] 	Status change detected: stopped
22:27:23  [Apache] 	Error: Apache shutdown unexpectedly.
22:27:23  [Apache] 	This may be due to a blocked port, missing dependencies, 
22:27:23  [Apache] 	improper privileges, a crash, or a shutdown by another method.
22:27:23  [Apache] 	Press the Logs button to view error logs and check
22:27:23  [Apache] 	the Windows Event Viewer for more clues
22:27:23  [Apache] 	If you need more help, copy and post this
22:27:23  [Apache] 	entire log window on the forums
22:31:07  [Apache] 	Problem detected!
22:31:07  [Apache] 	Port 80 in use by "Unable to open process" with PID 7496!
22:31:07  [Apache] 	Apache WILL NOT start without the configured ports free!
22:31:07  [Apache] 	You need to uninstall/disable/reconfigure the blocking application
22:31:07  [Apache] 	or reconfigure Apache and the Control Panel to listen on a different port
22:31:07  [Apache] 	Problem detected!
22:31:07  [Apache] 	Port 443 in use by "Unable to open process" with PID 7496!
22:31:07  [Apache] 	Apache WILL NOT start without the configured ports free!
22:31:07  [Apache] 	You need to uninstall/disable/reconfigure the blocking application
22:31:07  [Apache] 	or reconfigure Apache and the Control Panel to listen on a different port
22:31:07  [Apache] 	Attempting to start Apache app...
22:31:07  [Apache] 	Status change detected: running
22:31:08  [Apache] 	Status change detected: stopped
22:31:08  [Apache] 	Error: Apache shutdown unexpectedly.
22:31:08  [Apache] 	This may be due to a blocked port, missing dependencies, 
22:31:08  [Apache] 	improper privileges, a crash, or a shutdown by another method.
22:31:08  [Apache] 	Press the Logs button to view error logs and check
22:31:08  [Apache] 	the Windows Event Viewer for more clues
22:31:08  [Apache] 	If you need more help, copy and post this
22:31:08  [Apache] 	entire log window on the forums
00:15:16  [mysql] 	Attempting to stop MySQL app...
00:15:20  [mysql] 	Status change detected: stopped
00:16:33  [mysql] 	Attempting to start MySQL app...
00:16:35  [mysql] 	Status change detected: running
00:17:57  [mysql] 	Attempting to stop MySQL app...
00:17:58  [mysql] 	Status change detected: stopped
00:18:06  [main] 	Deinitializing Modules
00:18:06  [main] 	Deinitializing Control Panel

13:28:21  [main] 	Initializing Control Panel
13:28:21  [main] 	Windows Version: Windows 7 Professional SP1 32-bit
13:28:21  [main] 	XAMPP Version: 7.0.32
13:28:21  [main] 	Control Panel Version: 3.2.2  [ Compiled: Nov 12th 2015 ]
13:28:21  [main] 	You are not running with administrator rights! This will work for
13:28:21  [main] 	most application stuff but whenever you do something with services
13:28:21  [main] 	there will be a security dialogue or things will break! So think 
13:28:21  [main] 	about running this application with administrator rights!
13:28:21  [main] 	XAMPP Installation Directory: "c:\xampp1\"
13:28:21  [main] 	Checking for prerequisites
13:28:24  [main] 	All prerequisites found
13:28:24  [main] 	Initializing Modules
13:28:24  [main] 	Starting Check-Timer
13:28:24  [main] 	Control Panel Ready
13:32:42  [mysql] 	Attempting to start MySQL app...
13:32:44  [mysql] 	Status change detected: running
13:33:44  [Apache] 	Attempting to start Apache app...
13:33:45  [Apache] 	Status change detected: running
15:14:59  [Apache] 	Attempting to stop Apache (PID: 7384)
15:15:00  [Apache] 	Attempting to stop Apache (PID: 7428)
15:15:00  [mysql] 	Attempting to stop MySQL app...
15:15:02  [Apache] 	Status change detected: stopped
15:15:03  [mysql] 	Status change detected: stopped
15:28:20  [main] 	Deinitializing Modules
15:28:20  [main] 	Deinitializing Control Panel

08:21:59  [main] 	Initializing Control Panel
08:21:59  [main] 	Windows Version: Windows 7 Professional SP1 32-bit
08:21:59  [main] 	XAMPP Version: 7.0.32
08:21:59  [main] 	Control Panel Version: 3.2.2  [ Compiled: Nov 12th 2015 ]
08:21:59  [main] 	You are not running with administrator rights! This will work for
08:21:59  [main] 	most application stuff but whenever you do something with services
08:21:59  [main] 	there will be a security dialogue or things will break! So think 
08:21:59  [main] 	about running this application with administrator rights!
08:21:59  [main] 	XAMPP Installation Directory: "c:\xampp1\"
08:21:59  [main] 	Checking for prerequisites
08:22:00  [main] 	All prerequisites found
08:22:00  [main] 	Initializing Modules
08:22:01  [main] 	Starting Check-Timer
08:22:01  [main] 	Control Panel Ready
08:22:10  [mysql] 	Attempting to start MySQL app...
08:22:12  [mysql] 	Status change detected: running
08:22:12  [Apache] 	Attempting to start Apache app...
08:22:15  [Apache] 	Status change detected: running
08:32:02  [Apache] 	Attempting to stop Apache (PID: 3212)
08:32:02  [Apache] 	Attempting to stop Apache (PID: 5992)
08:32:02  [Apache] 	Status change detected: stopped
08:32:03  [mysql] 	Attempting to stop MySQL app...
08:32:04  [mysql] 	Status change detected: stopped
08:32:08  [main] 	Deinitializing Modules
08:32:08  [main] 	Deinitializing Control Panel

