2015-11-10 15:26:56 10fc InnoDB: Warning: Using innodb_additional_mem_pool_size is DEPRECATED. This option may be removed in future releases, together with the option innodb_use_sys_malloc and with the InnoDB's internal memory allocator.
2015-11-10 15:26:56 4348 [Note] InnoDB: Using mutexes to ref count buffer pool pages
2015-11-10 15:26:56 4348 [Note] InnoDB: The InnoDB memory heap is disabled
2015-11-10 15:26:56 4348 [Note] InnoDB: Mutexes and rw_locks use Windows interlocked functions
2015-11-10 15:26:56 4348 [Note] InnoDB: Memory barrier is not used
2015-11-10 15:26:56 4348 [Note] InnoDB: Compressed tables use zlib 1.2.3
2015-11-10 15:26:56 4348 [Note] InnoDB: Not using CPU crc32 instructions
2015-11-10 15:26:56 4348 [Note] InnoDB: Initializing buffer pool, size = 16.0M
2015-11-10 15:26:56 4348 [Note] InnoDB: Completed initialization of buffer pool
2015-11-10 15:26:56 4348 [Note] InnoDB: Highest supported file format is Barracuda.
2015-11-10 15:26:57 4348 [Note] InnoDB: 128 rollback segment(s) are active.
2015-11-10 15:26:57 4348 [Note] InnoDB: Waiting for purge to start
2015-11-10 15:26:57 4348 [Note] InnoDB:  Percona XtraDB (http://www.percona.com) 5.6.26-74.0 started; log sequence number 1835027
2015-11-10 15:26:57 6140 [Note] InnoDB: Dumping buffer pool(s) not yet started
2015-11-10 15:26:57 4348 [Note] Plugin 'FEEDBACK' is disabled.
2015-11-10 15:26:57 4348 [Note] Server socket created on IP: '::'.
2015-11-10 15:26:57 4348 [Note] Event Scheduler: Loaded 0 events
2015-11-10 15:26:57 4348 [Note] C:\xampp\mysql\bin\mysqld.exe: ready for connections.
Version: '10.1.8-MariaDB'  socket: ''  port: 3306  mariadb.org binary distribution
2015-11-10 15:27:11 5152 [Note] C:\xampp\mysql\bin\mysqld.exe: Normal shutdown

2015-11-10 15:27:11 5152 [Note] Event Scheduler: Purging the queue. 0 events
2015-11-10 15:27:11 5732 [Note] InnoDB: FTS optimize thread exiting.
2015-11-10 15:27:11 5152 [Note] InnoDB: Starting shutdown...
2015-11-10 15:27:13 5152 [Note] InnoDB: Shutdown completed; log sequence number 1835037
2015-11-10 15:27:13 5152 [Note] C:\xampp\mysql\bin\mysqld.exe: Shutdown complete

2018-11-19 21:37:24 1df8 InnoDB: Warning: Using innodb_additional_mem_pool_size is DEPRECATED. This option may be removed in future releases, together with the option innodb_use_sys_malloc and with the InnoDB's internal memory allocator.
2018-11-19 21:37:24 7672 [Note] InnoDB: innodb_empty_free_list_algorithm has been changed to legacy because of small buffer pool size. In order to use backoff, increase buffer pool at least up to 20MB.

2018-11-19 21:37:24 7672 [Note] InnoDB: Using mutexes to ref count buffer pool pages
2018-11-19 21:37:24 7672 [Note] InnoDB: The InnoDB memory heap is disabled
2018-11-19 21:37:24 7672 [Note] InnoDB: Mutexes and rw_locks use Windows interlocked functions
2018-11-19 21:37:24 7672 [Note] InnoDB: _mm_lfence() and _mm_sfence() are used for memory barrier
2018-11-19 21:37:24 7672 [Note] InnoDB: Compressed tables use zlib 1.2.3
2018-11-19 21:37:24 7672 [Note] InnoDB: Using generic crc32 instructions
2018-11-19 21:37:24 7672 [Note] InnoDB: Initializing buffer pool, size = 16.0M
2018-11-19 21:37:24 7672 [Note] InnoDB: Completed initialization of buffer pool
2018-11-19 21:37:24 7672 [Note] InnoDB: Highest supported file format is Barracuda.
2018-11-19 21:37:26 7672 [Note] InnoDB: 128 rollback segment(s) are active.
2018-11-19 21:37:26 7672 [Note] InnoDB: Waiting for purge to start
2018-11-19 21:37:26 7672 [Note] InnoDB:  Percona XtraDB (http://www.percona.com) 5.6.39-83.1 started; log sequence number 1835037
2018-11-19 21:37:26 13204 [Note] InnoDB: Dumping buffer pool(s) not yet started
2018-11-19 21:37:26 7672 [Note] Plugin 'FEEDBACK' is disabled.
2018-11-19 21:37:26 7672 [Note] Server socket created on IP: '::'.
2018-11-19 21:37:26 7672 [ERROR] Can't start server: Bind on TCP/IP port. Got error: 10048: Tylko jedno u¿ycie ka¿dego adresu gniazda (protokó³/adres sieciowy/port) jest normalnie dozwolone.

2018-11-19 21:37:26 7672 [ERROR] Do you already have another mysqld server running on port: 3306 ?
2018-11-19 21:37:26 7672 [ERROR] Aborting

2018-11-19 21:42:03 37c0 InnoDB: Warning: Using innodb_additional_mem_pool_size is DEPRECATED. This option may be removed in future releases, together with the option innodb_use_sys_malloc and with the InnoDB's internal memory allocator.
2018-11-19 21:42:03 14272 [Note] InnoDB: innodb_empty_free_list_algorithm has been changed to legacy because of small buffer pool size. In order to use backoff, increase buffer pool at least up to 20MB.

2018-11-19 21:42:03 14272 [Note] InnoDB: Using mutexes to ref count buffer pool pages
2018-11-19 21:42:03 14272 [Note] InnoDB: The InnoDB memory heap is disabled
2018-11-19 21:42:03 14272 [Note] InnoDB: Mutexes and rw_locks use Windows interlocked functions
2018-11-19 21:42:03 14272 [Note] InnoDB: _mm_lfence() and _mm_sfence() are used for memory barrier
2018-11-19 21:42:03 14272 [Note] InnoDB: Compressed tables use zlib 1.2.3
2018-11-19 21:42:03 14272 [Note] InnoDB: Using generic crc32 instructions
2018-11-19 21:42:04 14272 [Note] InnoDB: Initializing buffer pool, size = 16.0M
2018-11-19 21:42:04 14272 [Note] InnoDB: Completed initialization of buffer pool
2018-11-19 21:42:04 14272 [Note] InnoDB: Highest supported file format is Barracuda.
2018-11-19 21:42:10 3048 InnoDB: Warning: Using innodb_additional_mem_pool_size is DEPRECATED. This option may be removed in future releases, together with the option innodb_use_sys_malloc and with the InnoDB's internal memory allocator.
2018-11-19 21:42:10 12360 [Note] InnoDB: innodb_empty_free_list_algorithm has been changed to legacy because of small buffer pool size. In order to use backoff, increase buffer pool at least up to 20MB.

2018-11-19 21:42:10 12360 [Note] InnoDB: Using mutexes to ref count buffer pool pages
2018-11-19 21:42:10 12360 [Note] InnoDB: The InnoDB memory heap is disabled
2018-11-19 21:42:10 12360 [Note] InnoDB: Mutexes and rw_locks use Windows interlocked functions
2018-11-19 21:42:10 12360 [Note] InnoDB: _mm_lfence() and _mm_sfence() are used for memory barrier
2018-11-19 21:42:10 12360 [Note] InnoDB: Compressed tables use zlib 1.2.3
2018-11-19 21:42:10 12360 [Note] InnoDB: Using generic crc32 instructions
2018-11-19 21:42:10 12360 [Note] InnoDB: Initializing buffer pool, size = 16.0M
2018-11-19 21:42:10 12360 [Note] InnoDB: Completed initialization of buffer pool
2018-11-19 21:42:10 12360 [ERROR] InnoDB: C:\xampp1\mysql\data\ibdata1 can't be opened in read-write mode
2018-11-19 21:42:10 12360 [ERROR] InnoDB: The system tablespace must be writable!
2018-11-19 21:42:10 12360 [ERROR] Plugin 'InnoDB' init function returned error.
2018-11-19 21:42:10 12360 [ERROR] Plugin 'InnoDB' registration as a STORAGE ENGINE failed.
2018-11-19 21:42:10 12360 [Note] Plugin 'FEEDBACK' is disabled.
2018-11-19 21:42:10 12360 [ERROR] Unknown/unsupported storage engine: InnoDB
2018-11-19 21:42:10 12360 [ERROR] Aborting

2018-11-19 21:42:12 14272 [Note] InnoDB: 128 rollback segment(s) are active.
2018-11-19 21:42:12 14272 [Note] InnoDB: Waiting for purge to start
2018-11-19 21:42:12 14272 [Note] InnoDB:  Percona XtraDB (http://www.percona.com) 5.6.39-83.1 started; log sequence number 1835047
2018-11-19 21:42:14 12988 [Note] InnoDB: Dumping buffer pool(s) not yet started
2018-11-19 21:42:14 14272 [Note] Plugin 'FEEDBACK' is disabled.
2018-11-19 21:42:14 14272 [Note] Server socket created on IP: '::'.
2018-11-19 21:42:14 14272 [ERROR] Can't start server: Bind on TCP/IP port. Got error: 10048: Tylko jedno u¿ycie ka¿dego adresu gniazda (protokó³/adres sieciowy/port) jest normalnie dozwolone.

2018-11-19 21:42:14 14272 [ERROR] Do you already have another mysqld server running on port: 3306 ?
2018-11-19 21:42:14 14272 [ERROR] Aborting

2018-11-19 21:42:14 37d8 InnoDB: Warning: Using innodb_additional_mem_pool_size is DEPRECATED. This option may be removed in future releases, together with the option innodb_use_sys_malloc and with the InnoDB's internal memory allocator.
2018-11-19 21:42:14 14296 [Note] InnoDB: innodb_empty_free_list_algorithm has been changed to legacy because of small buffer pool size. In order to use backoff, increase buffer pool at least up to 20MB.

2018-11-19 21:42:14 14296 [Note] InnoDB: Using mutexes to ref count buffer pool pages
2018-11-19 21:42:14 14296 [Note] InnoDB: The InnoDB memory heap is disabled
2018-11-19 21:42:14 14296 [Note] InnoDB: Mutexes and rw_locks use Windows interlocked functions
2018-11-19 21:42:14 14296 [Note] InnoDB: _mm_lfence() and _mm_sfence() are used for memory barrier
2018-11-19 21:42:14 14296 [Note] InnoDB: Compressed tables use zlib 1.2.3
2018-11-19 21:42:14 14296 [Note] InnoDB: Using generic crc32 instructions
2018-11-19 21:42:14 14296 [Note] InnoDB: Initializing buffer pool, size = 16.0M
2018-11-19 21:42:14 14296 [Note] InnoDB: Completed initialization of buffer pool
2018-11-19 21:42:14 14296 [ERROR] InnoDB: C:\xampp1\mysql\data\ibdata1 can't be opened in read-write mode
2018-11-19 21:42:14 14296 [ERROR] InnoDB: The system tablespace must be writable!
2018-11-19 21:42:14 14296 [ERROR] Plugin 'InnoDB' init function returned error.
2018-11-19 21:42:14 14296 [ERROR] Plugin 'InnoDB' registration as a STORAGE ENGINE failed.
2018-11-19 21:42:14 14296 [Note] Plugin 'FEEDBACK' is disabled.
2018-11-19 21:42:14 14296 [ERROR] Unknown/unsupported storage engine: InnoDB
2018-11-19 21:42:14 14296 [ERROR] Aborting

2018-11-21 20:49:35 1d78 InnoDB: Warning: Using innodb_additional_mem_pool_size is DEPRECATED. This option may be removed in future releases, together with the option innodb_use_sys_malloc and with the InnoDB's internal memory allocator.
2018-11-21 20:49:35 7544 [Note] InnoDB: innodb_empty_free_list_algorithm has been changed to legacy because of small buffer pool size. In order to use backoff, increase buffer pool at least up to 20MB.

2018-11-21 20:49:35 7544 [Note] InnoDB: Using mutexes to ref count buffer pool pages
2018-11-21 20:49:35 7544 [Note] InnoDB: The InnoDB memory heap is disabled
2018-11-21 20:49:35 7544 [Note] InnoDB: Mutexes and rw_locks use Windows interlocked functions
2018-11-21 20:49:35 7544 [Note] InnoDB: _mm_lfence() and _mm_sfence() are used for memory barrier
2018-11-21 20:49:35 7544 [Note] InnoDB: Compressed tables use zlib 1.2.3
2018-11-21 20:49:35 7544 [Note] InnoDB: Using generic crc32 instructions
2018-11-21 20:49:35 7544 [Note] InnoDB: Initializing buffer pool, size = 16.0M
2018-11-21 20:49:35 7544 [Note] InnoDB: Completed initialization of buffer pool
2018-11-21 20:49:36 7544 [Note] InnoDB: Highest supported file format is Barracuda.
2018-11-21 20:49:38 7544 [Note] InnoDB: 128 rollback segment(s) are active.
2018-11-21 20:49:38 7544 [Note] InnoDB: Waiting for purge to start
2018-11-21 20:49:38 7544 [Note] InnoDB:  Percona XtraDB (http://www.percona.com) 5.6.39-83.1 started; log sequence number 1835057
2018-11-21 20:49:38 7696 [Note] InnoDB: Dumping buffer pool(s) not yet started
2018-11-21 20:49:38 7544 [Note] Plugin 'FEEDBACK' is disabled.
2018-11-21 20:49:38 7544 [Note] Server socket created on IP: '::'.
2018-11-21 20:49:40 7544 [Note] c:\xampp1\mysql\bin\mysqld.exe: ready for connections.
Version: '10.1.36-MariaDB'  socket: ''  port: 3306  mariadb.org binary distribution
2018-11-21 21:09:50 2380 InnoDB: Warning: Using innodb_additional_mem_pool_size is DEPRECATED. This option may be removed in future releases, together with the option innodb_use_sys_malloc and with the InnoDB's internal memory allocator.
2018-11-21 21:09:50 9088 [Note] InnoDB: innodb_empty_free_list_algorithm has been changed to legacy because of small buffer pool size. In order to use backoff, increase buffer pool at least up to 20MB.

2018-11-21 21:09:50 9088 [Note] InnoDB: Using mutexes to ref count buffer pool pages
2018-11-21 21:09:50 9088 [Note] InnoDB: The InnoDB memory heap is disabled
2018-11-21 21:09:50 9088 [Note] InnoDB: Mutexes and rw_locks use Windows interlocked functions
2018-11-21 21:09:50 9088 [Note] InnoDB: _mm_lfence() and _mm_sfence() are used for memory barrier
2018-11-21 21:09:50 9088 [Note] InnoDB: Compressed tables use zlib 1.2.3
2018-11-21 21:09:50 9088 [Note] InnoDB: Using generic crc32 instructions
2018-11-21 21:09:50 9088 [Note] InnoDB: Initializing buffer pool, size = 16.0M
2018-11-21 21:09:50 9088 [Note] InnoDB: Completed initialization of buffer pool
2018-11-21 21:09:50 9088 [Note] InnoDB: Highest supported file format is Barracuda.
2018-11-21 21:09:50 9088 [Note] InnoDB: The log sequence number 1835057 in ibdata file do not match the log sequence number 1835067 in the ib_logfiles!
2018-11-21 21:09:51 9088 [Note] InnoDB: Restoring possible half-written data pages from the doublewrite buffer...
2018-11-21 21:09:51 9088 [Note] InnoDB: 128 rollback segment(s) are active.
2018-11-21 21:09:51 9088 [Note] InnoDB: Waiting for purge to start
2018-11-21 21:09:51 9088 [Note] InnoDB:  Percona XtraDB (http://www.percona.com) 5.6.39-83.1 started; log sequence number 1835067
2018-11-21 21:09:51 8276 [Note] InnoDB: Dumping buffer pool(s) not yet started
2018-11-21 21:09:51 9088 [Note] Plugin 'FEEDBACK' is disabled.
2018-11-21 21:09:51 9088 [Note] Server socket created on IP: '::'.
2018-11-21 21:09:51 9088 [Note] c:\xampp1\mysql\bin\mysqld.exe: ready for connections.
Version: '10.1.36-MariaDB'  socket: ''  port: 3306  mariadb.org binary distribution
2018-11-21 21:49:59 e90 InnoDB: Warning: Using innodb_additional_mem_pool_size is DEPRECATED. This option may be removed in future releases, together with the option innodb_use_sys_malloc and with the InnoDB's internal memory allocator.
2018-11-21 21:49:59 3728 [Note] InnoDB: innodb_empty_free_list_algorithm has been changed to legacy because of small buffer pool size. In order to use backoff, increase buffer pool at least up to 20MB.

2018-11-21 21:49:59 3728 [Note] InnoDB: Using mutexes to ref count buffer pool pages
2018-11-21 21:49:59 3728 [Note] InnoDB: The InnoDB memory heap is disabled
2018-11-21 21:49:59 3728 [Note] InnoDB: Mutexes and rw_locks use Windows interlocked functions
2018-11-21 21:49:59 3728 [Note] InnoDB: _mm_lfence() and _mm_sfence() are used for memory barrier
2018-11-21 21:49:59 3728 [Note] InnoDB: Compressed tables use zlib 1.2.3
2018-11-21 21:49:59 3728 [Note] InnoDB: Using generic crc32 instructions
2018-11-21 21:49:59 3728 [Note] InnoDB: Initializing buffer pool, size = 16.0M
2018-11-21 21:49:59 3728 [Note] InnoDB: Completed initialization of buffer pool
2018-11-21 21:49:59 3728 [ERROR] InnoDB: C:\xampp1\mysql\data\ibdata1 can't be opened in read-write mode
2018-11-21 21:49:59 3728 [ERROR] InnoDB: The system tablespace must be writable!
2018-11-21 21:49:59 3728 [ERROR] Plugin 'InnoDB' init function returned error.
2018-11-21 21:49:59 3728 [ERROR] Plugin 'InnoDB' registration as a STORAGE ENGINE failed.
2018-11-21 21:49:59 3728 [Note] Plugin 'FEEDBACK' is disabled.
2018-11-21 21:49:59 3728 [ERROR] Unknown/unsupported storage engine: InnoDB
2018-11-21 21:49:59 3728 [ERROR] Aborting

2018-11-21 21:50:00 24d0 InnoDB: Warning: Using innodb_additional_mem_pool_size is DEPRECATED. This option may be removed in future releases, together with the option innodb_use_sys_malloc and with the InnoDB's internal memory allocator.
2018-11-21 21:50:00 9424 [Note] InnoDB: innodb_empty_free_list_algorithm has been changed to legacy because of small buffer pool size. In order to use backoff, increase buffer pool at least up to 20MB.

2018-11-21 21:50:00 9424 [Note] InnoDB: Using mutexes to ref count buffer pool pages
2018-11-21 21:50:00 9424 [Note] InnoDB: The InnoDB memory heap is disabled
2018-11-21 21:50:00 9424 [Note] InnoDB: Mutexes and rw_locks use Windows interlocked functions
2018-11-21 21:50:00 9424 [Note] InnoDB: _mm_lfence() and _mm_sfence() are used for memory barrier
2018-11-21 21:50:00 9424 [Note] InnoDB: Compressed tables use zlib 1.2.3
2018-11-21 21:50:00 9424 [Note] InnoDB: Using generic crc32 instructions
2018-11-21 21:50:00 9424 [Note] InnoDB: Initializing buffer pool, size = 16.0M
2018-11-21 21:50:00 9424 [Note] InnoDB: Completed initialization of buffer pool
2018-11-21 21:50:00 9424 [ERROR] InnoDB: C:\xampp1\mysql\data\ibdata1 can't be opened in read-write mode
2018-11-21 21:50:00 9424 [ERROR] InnoDB: The system tablespace must be writable!
2018-11-21 21:50:00 9424 [ERROR] Plugin 'InnoDB' init function returned error.
2018-11-21 21:50:00 9424 [ERROR] Plugin 'InnoDB' registration as a STORAGE ENGINE failed.
2018-11-21 21:50:00 9424 [Note] Plugin 'FEEDBACK' is disabled.
2018-11-21 21:50:00 9424 [ERROR] Unknown/unsupported storage engine: InnoDB
2018-11-21 21:50:00 9424 [ERROR] Aborting

2018-11-21 21:50:03 20a0 InnoDB: Warning: Using innodb_additional_mem_pool_size is DEPRECATED. This option may be removed in future releases, together with the option innodb_use_sys_malloc and with the InnoDB's internal memory allocator.
2018-11-21 21:50:03 8352 [Note] InnoDB: innodb_empty_free_list_algorithm has been changed to legacy because of small buffer pool size. In order to use backoff, increase buffer pool at least up to 20MB.

2018-11-21 21:50:03 8352 [Note] InnoDB: Using mutexes to ref count buffer pool pages
2018-11-21 21:50:03 8352 [Note] InnoDB: The InnoDB memory heap is disabled
2018-11-21 21:50:03 8352 [Note] InnoDB: Mutexes and rw_locks use Windows interlocked functions
2018-11-21 21:50:03 8352 [Note] InnoDB: _mm_lfence() and _mm_sfence() are used for memory barrier
2018-11-21 21:50:03 8352 [Note] InnoDB: Compressed tables use zlib 1.2.3
2018-11-21 21:50:03 8352 [Note] InnoDB: Using generic crc32 instructions
2018-11-21 21:50:03 8352 [Note] InnoDB: Initializing buffer pool, size = 16.0M
2018-11-21 21:50:03 8352 [Note] InnoDB: Completed initialization of buffer pool
2018-11-21 21:50:03 8352 [ERROR] InnoDB: C:\xampp1\mysql\data\ibdata1 can't be opened in read-write mode
2018-11-21 21:50:03 8352 [ERROR] InnoDB: The system tablespace must be writable!
2018-11-21 21:50:03 8352 [ERROR] Plugin 'InnoDB' init function returned error.
2018-11-21 21:50:03 8352 [ERROR] Plugin 'InnoDB' registration as a STORAGE ENGINE failed.
2018-11-21 21:50:03 8352 [Note] Plugin 'FEEDBACK' is disabled.
2018-11-21 21:50:03 8352 [ERROR] Unknown/unsupported storage engine: InnoDB
2018-11-21 21:50:03 8352 [ERROR] Aborting

2018-11-21 22:27:22 10a8 InnoDB: Warning: Using innodb_additional_mem_pool_size is DEPRECATED. This option may be removed in future releases, together with the option innodb_use_sys_malloc and with the InnoDB's internal memory allocator.
2018-11-21 22:27:22 4264 [Note] InnoDB: innodb_empty_free_list_algorithm has been changed to legacy because of small buffer pool size. In order to use backoff, increase buffer pool at least up to 20MB.

2018-11-21 22:27:22 4264 [Note] InnoDB: Using mutexes to ref count buffer pool pages
2018-11-21 22:27:22 4264 [Note] InnoDB: The InnoDB memory heap is disabled
2018-11-21 22:27:22 4264 [Note] InnoDB: Mutexes and rw_locks use Windows interlocked functions
2018-11-21 22:27:22 4264 [Note] InnoDB: _mm_lfence() and _mm_sfence() are used for memory barrier
2018-11-21 22:27:22 4264 [Note] InnoDB: Compressed tables use zlib 1.2.3
2018-11-21 22:27:22 4264 [Note] InnoDB: Using generic crc32 instructions
2018-11-21 22:27:22 4264 [Note] InnoDB: Initializing buffer pool, size = 16.0M
2018-11-21 22:27:22 4264 [Note] InnoDB: Completed initialization of buffer pool
2018-11-21 22:27:22 4264 [Note] InnoDB: Highest supported file format is Barracuda.
2018-11-21 22:27:22 4264 [Note] InnoDB: The log sequence number 1835057 in ibdata file do not match the log sequence number 3657245 in the ib_logfiles!
2018-11-21 22:27:25 4264 [Note] InnoDB: Restoring possible half-written data pages from the doublewrite buffer...
2018-11-21 22:27:38 4264 [Note] InnoDB: 128 rollback segment(s) are active.
2018-11-21 22:27:38 4264 [Note] InnoDB: Waiting for purge to start
2018-11-21 22:27:38 4264 [Note] InnoDB:  Percona XtraDB (http://www.percona.com) 5.6.39-83.1 started; log sequence number 3657245
2018-11-21 22:27:39 8404 [Note] InnoDB: Dumping buffer pool(s) not yet started
2018-11-21 22:27:39 4264 [Note] Plugin 'FEEDBACK' is disabled.
2018-11-21 22:27:39 4264 [Note] Server socket created on IP: '::'.
2018-11-21 22:27:39 4264 [ERROR] mysqld.exe: Table '.\mysql\user' is marked as crashed and should be repaired
2018-11-21 22:27:39 4264 [Warning] Checking table:   '.\mysql\user'
2018-11-21 22:27:39 4264 [ERROR] mysql.user: 1 client is using or hasn't closed the table properly
2018-11-21 22:27:39 4264 [ERROR] mysqld.exe: Table '.\mysql\db' is marked as crashed and should be repaired
2018-11-21 22:27:39 4264 [Warning] Checking table:   '.\mysql\db'
2018-11-21 22:27:39 4264 [ERROR] mysql.db: 1 client is using or hasn't closed the table properly
2018-11-21 22:27:39 4264 [Note] c:\xampp1\mysql\bin\mysqld.exe: ready for connections.
Version: '10.1.36-MariaDB'  socket: ''  port: 3306  mariadb.org binary distribution
2018-11-22 00:16:35 510 InnoDB: Warning: Using innodb_additional_mem_pool_size is DEPRECATED. This option may be removed in future releases, together with the option innodb_use_sys_malloc and with the InnoDB's internal memory allocator.
2018-11-22  0:16:35 1296 [Note] InnoDB: innodb_empty_free_list_algorithm has been changed to legacy because of small buffer pool size. In order to use backoff, increase buffer pool at least up to 20MB.

2018-11-22  0:16:35 1296 [Note] InnoDB: Using mutexes to ref count buffer pool pages
2018-11-22  0:16:35 1296 [Note] InnoDB: The InnoDB memory heap is disabled
2018-11-22  0:16:35 1296 [Note] InnoDB: Mutexes and rw_locks use Windows interlocked functions
2018-11-22  0:16:35 1296 [Note] InnoDB: _mm_lfence() and _mm_sfence() are used for memory barrier
2018-11-22  0:16:35 1296 [Note] InnoDB: Compressed tables use zlib 1.2.3
2018-11-22  0:16:35 1296 [Note] InnoDB: Using generic crc32 instructions
2018-11-22  0:16:35 1296 [Note] InnoDB: Initializing buffer pool, size = 16.0M
2018-11-22  0:16:35 1296 [Note] InnoDB: Completed initialization of buffer pool
2018-11-22  0:16:35 1296 [Note] InnoDB: Highest supported file format is Barracuda.
2018-11-22  0:16:35 1296 [Note] InnoDB: The log sequence number 1835057 in ibdata file do not match the log sequence number 5068227 in the ib_logfiles!
2018-11-22  0:16:37 1296 [Note] InnoDB: Restoring possible half-written data pages from the doublewrite buffer...
2018-11-22  0:16:58 1296 [Note] InnoDB: 128 rollback segment(s) are active.
2018-11-22  0:16:58 1296 [Note] InnoDB: Waiting for purge to start
2018-11-22  0:16:58 1296 [Note] InnoDB:  Percona XtraDB (http://www.percona.com) 5.6.39-83.1 started; log sequence number 5068227
2018-11-22  0:16:59 9240 [Note] InnoDB: Dumping buffer pool(s) not yet started
2018-11-22  0:16:59 1296 [Note] Plugin 'FEEDBACK' is disabled.
2018-11-22  0:16:59 1296 [Note] Server socket created on IP: '::'.
2018-11-22  0:17:05 1296 [Note] c:\xampp1\mysql\bin\mysqld.exe: ready for connections.
Version: '10.1.36-MariaDB'  socket: ''  port: 3306  mariadb.org binary distribution
2018-11-22 13:32:43 6a8 InnoDB: Warning: Using innodb_additional_mem_pool_size is DEPRECATED. This option may be removed in future releases, together with the option innodb_use_sys_malloc and with the InnoDB's internal memory allocator.
2018-11-22 13:32:43 1704 [Note] InnoDB: innodb_empty_free_list_algorithm has been changed to legacy because of small buffer pool size. In order to use backoff, increase buffer pool at least up to 20MB.

2018-11-22 13:32:43 1704 [Note] InnoDB: Using mutexes to ref count buffer pool pages
2018-11-22 13:32:43 1704 [Note] InnoDB: The InnoDB memory heap is disabled
2018-11-22 13:32:43 1704 [Note] InnoDB: Mutexes and rw_locks use Windows interlocked functions
2018-11-22 13:32:43 1704 [Note] InnoDB: _mm_lfence() and _mm_sfence() are used for memory barrier
2018-11-22 13:32:43 1704 [Note] InnoDB: Compressed tables use zlib 1.2.3
2018-11-22 13:32:43 1704 [Note] InnoDB: Using generic crc32 instructions
2018-11-22 13:32:43 1704 [Note] InnoDB: Initializing buffer pool, size = 16.0M
2018-11-22 13:32:43 1704 [Note] InnoDB: Completed initialization of buffer pool
2018-11-22 13:32:43 1704 [Note] InnoDB: Highest supported file format is Barracuda.
2018-11-22 13:32:43 1704 [Note] InnoDB: The log sequence number 1835057 in ibdata file do not match the log sequence number 5068237 in the ib_logfiles!
2018-11-22 13:32:43 1704 [Note] InnoDB: Restoring possible half-written data pages from the doublewrite buffer...
2018-11-22 13:32:44 1704 [Note] InnoDB: 128 rollback segment(s) are active.
2018-11-22 13:32:44 1704 [Note] InnoDB: Waiting for purge to start
2018-11-22 13:32:44 1704 [Note] InnoDB:  Percona XtraDB (http://www.percona.com) 5.6.39-83.1 started; log sequence number 5068237
2018-11-22 13:32:44 4748 [Note] InnoDB: Dumping buffer pool(s) not yet started
2018-11-22 13:32:44 1704 [Note] Plugin 'FEEDBACK' is disabled.
2018-11-22 13:32:44 1704 [Note] Server socket created on IP: '::'.
2018-11-22 13:32:45 1704 [Note] c:\xampp1\mysql\bin\mysqld.exe: ready for connections.
Version: '10.1.36-MariaDB'  socket: ''  port: 3306  mariadb.org binary distribution
2018-11-23 08:22:12 74c InnoDB: Warning: Using innodb_additional_mem_pool_size is DEPRECATED. This option may be removed in future releases, together with the option innodb_use_sys_malloc and with the InnoDB's internal memory allocator.
2018-11-23  8:22:12 1868 [Note] InnoDB: innodb_empty_free_list_algorithm has been changed to legacy because of small buffer pool size. In order to use backoff, increase buffer pool at least up to 20MB.

2018-11-23  8:22:12 1868 [Note] InnoDB: Using mutexes to ref count buffer pool pages
2018-11-23  8:22:12 1868 [Note] InnoDB: The InnoDB memory heap is disabled
2018-11-23  8:22:12 1868 [Note] InnoDB: Mutexes and rw_locks use Windows interlocked functions
2018-11-23  8:22:12 1868 [Note] InnoDB: _mm_lfence() and _mm_sfence() are used for memory barrier
2018-11-23  8:22:12 1868 [Note] InnoDB: Compressed tables use zlib 1.2.3
2018-11-23  8:22:12 1868 [Note] InnoDB: Using generic crc32 instructions
2018-11-23  8:22:12 1868 [Note] InnoDB: Initializing buffer pool, size = 16.0M
2018-11-23  8:22:12 1868 [Note] InnoDB: Completed initialization of buffer pool
2018-11-23  8:22:12 1868 [Note] InnoDB: Highest supported file format is Barracuda.
2018-11-23  8:22:12 1868 [Note] InnoDB: The log sequence number 1835057 in ibdata file do not match the log sequence number 5207066 in the ib_logfiles!
2018-11-23  8:22:12 1868 [Note] InnoDB: Restoring possible half-written data pages from the doublewrite buffer...
2018-11-23  8:22:20 1868 [Note] InnoDB: 128 rollback segment(s) are active.
2018-11-23  8:22:20 1868 [Note] InnoDB: Waiting for purge to start
2018-11-23  8:22:20 1868 [Note] InnoDB:  Percona XtraDB (http://www.percona.com) 5.6.39-83.1 started; log sequence number 5207066
2018-11-23  8:22:20 5644 [Note] InnoDB: Dumping buffer pool(s) not yet started
2018-11-23  8:22:20 1868 [Note] Plugin 'FEEDBACK' is disabled.
2018-11-23  8:22:20 1868 [Note] Server socket created on IP: '::'.
2018-11-23  8:22:21 1868 [Note] c:\xampp1\mysql\bin\mysqld.exe: ready for connections.
Version: '10.1.36-MariaDB'  socket: ''  port: 3306  mariadb.org binary distribution
2018-11-23 08:47:20 1bac InnoDB: Warning: Using innodb_additional_mem_pool_size is DEPRECATED. This option may be removed in future releases, together with the option innodb_use_sys_malloc and with the InnoDB's internal memory allocator.
2018-11-23  8:47:20 7084 [Note] InnoDB: innodb_empty_free_list_algorithm has been changed to legacy because of small buffer pool size. In order to use backoff, increase buffer pool at least up to 20MB.

2018-11-23  8:47:20 7084 [Note] InnoDB: Using mutexes to ref count buffer pool pages
2018-11-23  8:47:20 7084 [Note] InnoDB: The InnoDB memory heap is disabled
2018-11-23  8:47:20 7084 [Note] InnoDB: Mutexes and rw_locks use Windows interlocked functions
2018-11-23  8:47:20 7084 [Note] InnoDB: _mm_lfence() and _mm_sfence() are used for memory barrier
2018-11-23  8:47:20 7084 [Note] InnoDB: Compressed tables use zlib 1.2.3
2018-11-23  8:47:20 7084 [Note] InnoDB: Using generic crc32 instructions
2018-11-23  8:47:20 7084 [Note] InnoDB: Initializing buffer pool, size = 16.0M
2018-11-23  8:47:20 7084 [Note] InnoDB: Completed initialization of buffer pool
2018-11-23  8:47:20 7084 [Note] InnoDB: Highest supported file format is Barracuda.
2018-11-23  8:47:20 7084 [Note] InnoDB: The log sequence number 1835057 in ibdata file do not match the log sequence number 5277475 in the ib_logfiles!
2018-11-23  8:47:21 7084 [Note] InnoDB: Restoring possible half-written data pages from the doublewrite buffer...
2018-11-23  8:47:27 7084 [Note] InnoDB: 128 rollback segment(s) are active.
2018-11-23  8:47:27 7084 [Note] InnoDB: Waiting for purge to start
2018-11-23  8:47:27 7084 [Note] InnoDB:  Percona XtraDB (http://www.percona.com) 5.6.39-83.1 started; log sequence number 5277475
2018-11-23  8:47:27 7316 [Note] InnoDB: Dumping buffer pool(s) not yet started
2018-11-23  8:47:27 7084 [Note] Plugin 'FEEDBACK' is disabled.
2018-11-23  8:47:28 7084 [Note] Server socket created on IP: '::'.
2018-11-23  8:47:29 7084 [Note] mysql\bin\mysqld.exe: ready for connections.
Version: '10.1.36-MariaDB'  socket: ''  port: 3306  mariadb.org binary distribution
